Daily update: Sat Feb  8 17:04:04 UTC 2025
Daily update: Sat Feb  8 22:39:01 UTC 2025
Daily update: Sun Feb  9 22:39:39 UTC 2025
Daily update: Mon Feb 10 22:40:17 UTC 2025
Daily update: Tue Feb 11 22:41:04 UTC 2025
Daily update: Wed Feb 12 22:41:12 UTC 2025
Daily update: Thu Feb 13 22:40:54 UTC 2025
Daily update: Fri Feb 14 22:40:34 UTC 2025
Daily update: Sat Feb 15 22:40:44 UTC 2025
Daily update: Sun Feb 16 22:39:39 UTC 2025
Daily update: Mon Feb 17 22:40:21 UTC 2025
Daily update: Tue Feb 18 22:41:14 UTC 2025
Daily update: Wed Feb 19 22:40:07 UTC 2025
Daily update: Thu Feb 20 22:41:17 UTC 2025
Daily update: Fri Feb 21 22:40:55 UTC 2025
Daily update: Sat Feb 22 22:39:48 UTC 2025
Daily update: Sun Feb 23 22:40:09 UTC 2025
Daily update: Mon Feb 24 22:41:40 UTC 2025
Daily update: Tue Feb 25 22:41:53 UTC 2025
Daily update: Wed Feb 26 22:41:54 UTC 2025
Daily update: Thu Feb 27 22:42:39 UTC 2025
Daily update: Fri Feb 28 22:41:55 UTC 2025
Daily update: Sat Mar  1 22:40:45 UTC 2025
Daily update: Sun Mar  2 22:41:18 UTC 2025
